[0311/105348.240:ERROR:http_transport_win.cc(276)] WinHttpSendRequest: The operation completed successfully. (0x0)
[0311/110625.249:ERROR:process_memory_win.cc(73)] ReadMemory at 0x7ff6487c0000 of 64 bytes failed: Only part of a ReadProcessMemory or WriteProcessMemory request was completed. (0x12B)
[0311/110625.280:WARNING:pe_image_reader.cc(340)] could not read dos header from C:\Program Files (x86)\Google\Chrome\Application\chrome.exe
[0311/110625.280:ERROR:process_memory_win.cc(73)] ReadMemory at 0x7ff9329a0000 of 64 bytes failed: Only part of a ReadProcessMemory or WriteProcessMemory request was completed. (0x12B)
[0311/110625.280:WARNING:pe_image_reader.cc(340)] could not read dos header from C:\WINDOWS\SYSTEM32\ntdll.dll
[0311/110625.521:ERROR:process_memory_win.cc(73)] ReadMemory at 0x7ff930e50000 of 64 bytes failed: Only part of a ReadProcessMemory or WriteProcessMemory request was completed. (0x12B)
[0311/110625.521:WARNING:pe_image_reader.cc(340)] could not read dos header from C:\WINDOWS\System32\KERNEL32.DLL
[0311/110625.521:ERROR:process_memory_win.cc(73)] ReadMemory at 0x7ff9304a0000 of 64 bytes failed: Only part of a ReadProcessMemory or WriteProcessMemory request was completed. (0x12B)
[0311/110625.521:WARNING:pe_image_reader.cc(340)] could not read dos header from C:\WINDOWS\System32\KERNELBASE.dll
[0311/110625.521:ERROR:process_memory_win.cc(73)] ReadMemory at 0x7ff90dad0000 of 64 bytes failed: Only part of a ReadProcessMemory or WriteProcessMemory request was completed. (0x12B)
[0311/110625.521:WARNING:pe_image_reader.cc(340)] could not read dos header from C:\Program Files (x86)\Google\Chrome\Application\80.0.3987.132\chrome_elf.dll
[0311/110625.521:ERROR:process_memory_win.cc(73)] ReadMemory at 0x7ff9299c0000 of 64 bytes failed: Only part of a ReadProcessMemory or WriteProcessMemory request was completed. (0x12B)
[0311/110625.521:WARNING:pe_image_reader.cc(340)] could not read dos header from C:\WINDOWS\SYSTEM32\VERSION.dll
[0311/110625.521:ERROR:process_memory_win.cc(73)] ReadMemory at 0x7ff9325f0000 of 64 bytes failed: Only part of a ReadProcessMemory or WriteProcessMemory request was completed. (0x12B)
[0311/110625.521:WARNING:pe_image_reader.cc(340)] could not read dos header from C:\WINDOWS\System32\msvcrt.dll
[0311/110625.521:ERROR:process_memory_win.cc(73)] ReadMemory at 0x7ff9303f0000 of 64 bytes failed: Only part of a ReadProcessMemory or WriteProcessMemory request was completed. (0x12B)
[0311/110625.521:WARNING:pe_image_reader.cc(340)] could not read dos header from C:\WINDOWS\System32\bcryptPrimitives.dll
[0311/110625.521:ERROR:process_memory_win.cc(73)] ReadMemory at 0x7ff9327d0000 of 64 bytes failed: Only part of a ReadProcessMemory or WriteProcessMemory request was completed. (0x12B)
[0311/110625.521:WARNING:pe_image_reader.cc(340)] could not read dos header from C:\WINDOWS\System32\ADVAPI32.dll
[0311/110625.521:ERROR:process_memory_win.cc(73)] ReadMemory at 0x7ff930fe0000 of 64 bytes failed: Only part of a ReadProcessMemory or WriteProcessMemory request was completed. (0x12B)
[0311/110625.521:WARNING:pe_image_reader.cc(340)] could not read dos header from C:\WINDOWS\System32\sechost.dll
[0311/110625.521:ERROR:process_memory_win.cc(73)] ReadMemory at 0x7ff931670000 of 64 bytes failed: Only part of a ReadProcessMemory or WriteProcessMemory request was completed. (0x12B)
[0311/110625.522:WARNING:pe_image_reader.cc(340)] could not read dos header from C:\WINDOWS\System32\RPCRT4.dll
[0311/110625.522:ERROR:process_memory_win.cc(73)] ReadMemory at 0x7ff8e2d30000 of 64 bytes failed: Only part of a ReadProcessMemory or WriteProcessMemory request was completed. (0x12B)
[0311/110625.522:WARNING:pe_image_reader.cc(340)] could not read dos header from C:\Program Files (x86)\Google\Chrome\Application\80.0.3987.132\chrome.dll
[0311/110625.522:ERROR:process_memory_win.cc(73)] ReadMemory at 0x7ff931220000 of 64 bytes failed: Only part of a ReadProcessMemory or WriteProcessMemory request was completed. (0x12B)
[0311/110625.522:WARNING:pe_image_reader.cc(340)] could not read dos header from C:\WINDOWS\System32\WS2_32.dll
[0311/110625.551:ERROR:process_memory_win.cc(73)] ReadMemory at 0x1e2b8b90000 of 64 bytes failed: Only part of a ReadProcessMemory or WriteProcessMemory request was completed. (0x12B)
[0311/110625.551:WARNING:pe_image_reader.cc(340)] could not read dos header from C:\WINDOWS\System32\OLEAUT32.dll
[0311/110625.551:ERROR:process_memory_win.cc(73)] ReadMemory at 0x7ff930250000 of 64 bytes failed: Only part of a ReadProcessMemory or WriteProcessMemory request was completed. (0x12B)
[0311/110625.551:WARNING:pe_image_reader.cc(340)] could not read dos header from C:\WINDOWS\System32\msvcp_win.dll
[0311/110625.551:ERROR:process_memory_win.cc(73)] ReadMemory at 0x7ff930750000 of 64 bytes failed: Only part of a ReadProcessMemory or WriteProcessMemory request was completed. (0x12B)
[0311/110625.551:WARNING:pe_image_reader.cc(340)] could not read dos header from C:\WINDOWS\System32\ucrtbase.dll
[0311/110625.551:ERROR:process_memory_win.cc(73)] ReadMemory at 0x7ff9312b0000 of 64 bytes failed: Only part of a ReadProcessMemory or WriteProcessMemory request was completed. (0x12B)
[0311/110625.551:WARNING:pe_image_reader.cc(340)] could not read dos header from C:\WINDOWS\System32\combase.dll
[0311/110625.551:ERROR:process_memory_win.cc(73)] ReadMemory at 0x7ff9309d0000 of 64 bytes failed: Only part of a ReadProcessMemory or WriteProcessMemory request was completed. (0x12B)
[0311/110625.551:WARNING:pe_image_reader.cc(340)] could not read dos header from C:\WINDOWS\System32\WINTRUST.dll
[0311/110625.551:ERROR:process_memory_win.cc(73)] ReadMemory at 0x7ff92f8c0000 of 64 bytes failed: Only part of a ReadProcessMemory or WriteProcessMemory request was completed. (0x12B)
[0311/110625.551:WARNING:pe_image_reader.cc(340)] could not read dos header from C:\WINDOWS\System32\MSASN1.dll
[0311/110625.551:ERROR:process_memory_win.cc(73)] ReadMemory at 0x7ff930880000 of 64 bytes failed: Only part of a ReadProcessMemory or WriteProcessMemory request was completed. (0x12B)
[0311/110625.551:WARNING:pe_image_reader.cc(340)] could not read dos header from C:\WINDOWS\System32\CRYPT32.dll
[0311/110625.551:ERROR:process_memory_win.cc(73)] ReadMemory at 0x7ff92ed90000 of 64 bytes failed: Only part of a ReadProcessMemory or WriteProcessMemory request was completed. (0x12B)
[0311/110625.551:WARNING:pe_image_reader.cc(340)] could not read dos header from C:\WINDOWS\SYSTEM32\IPHLPAPI.DLL
[0311/110625.551:ERROR:process_memory_win.cc(73)] ReadMemory at 0x7ff92d630000 of 64 bytes failed: Only part of a ReadProcessMemory or WriteProcessMemory request was completed. (0x12B)
[0311/110625.551:WARNING:pe_image_reader.cc(340)] could not read dos header from C:\WINDOWS\SYSTEM32\WINMM.dll
[0311/110625.551:ERROR:process_memory_win.cc(73)] ReadMemory at 0x7ff92d6b0000 of 64 bytes failed: Only part of a ReadProcessMemory or WriteProcessMemory request was completed. (0x12B)
[0311/110625.551:WARNING:pe_image_reader.cc(340)] could not read dos header from C:\WINDOWS\SYSTEM32\Secur32.dll
[0311/110625.551:ERROR:process_memory_win.cc(73)] ReadMemory at 0x7ff92f790000 of 64 bytes failed: Only part of a ReadProcessMemory or WriteProcessMemory request was completed. (0x12B)
[0311/110625.551:WARNING:pe_image_reader.cc(340)] could not read dos header from C:\WINDOWS\SYSTEM32\USERENV.dll
[0311/110625.552:ERROR:process_memory_win.cc(73)] ReadMemory at 0x7ff92f8a0000 of 64 bytes failed: Only part of a ReadProcessMemory or WriteProcessMemory request was completed. (0x12B)
[0311/110625.552:WARNING:pe_image_reader.cc(340)] could not read dos header from C:\WINDOWS\System32\profapi.dll
[0311/110625.552:ERROR:process_memory_win.cc(73)] ReadMemory at 0x7ff9117b0000 of 64 bytes failed: Only part of a ReadProcessMemory or WriteProcessMemory request was completed. (0x12B)
[0311/110625.552:WARNING:pe_image_reader.cc(340)] could not read dos header from C:\WINDOWS\SYSTEM32\UIAutomationCore.DLL
[0311/110625.552:ERROR:process_memory_win.cc(73)] ReadMemory at 0x7ff920430000 of 64 bytes failed: Only part of a ReadProcessMemory or WriteProcessMemory request was completed. (0x12B)
[0311/110625.552:WARNING:pe_image_reader.cc(340)] could not read dos header from C:\WINDOWS\SYSTEM32\DWrite.dll
[0311/110625.552:ERROR:process_memory_win.cc(73)] ReadMemory at 0x7ff91e5e0000 of 64 bytes failed: Only part of a ReadProcessMemory or WriteProcessMemory request was completed. (0x12B)
[0311/110625.552:WARNING:pe_image_reader.cc(340)] could not read dos header from C:\WINDOWS\SYSTEM32\WINSPOOL.DRV
[0311/110625.552:ERROR:process_memory_win.cc(73)] ReadMemory at 0x7ff92f880000 of 64 bytes failed: Only part of a ReadProcessMemory or WriteProcessMemory request was completed. (0x12B)
[0311/110625.552:WARNING:pe_image_reader.cc(340)] could not read dos header from C:\WINDOWS\System32\kernel.appcore.dll
[0311/110625.552:ERROR:process_memory_win.cc(73)] ReadMemory at 0x7ff930470000 of 64 bytes failed: Only part of a ReadProcessMemory or WriteProcessMemory request was completed. (0x12B)
[0311/110625.552:WARNING:pe_image_reader.cc(340)] could not read dos header from C:\WINDOWS\System32\bcrypt.dll
[0311/110625.552:ERROR:process_memory_win.cc(73)] ReadMemory at 0x7ff927290000 of 64 bytes failed: Only part of a ReadProcessMemory or WriteProcessMemory request was completed. (0x12B)
[0311/110625.552:WARNING:pe_image_reader.cc(340)] could not read dos header from C:\WINDOWS\SYSTEM32\dbghelp.dll
[0311/110625.552:ERROR:process_memory_win.cc(73)] ReadMemory at 0x7ff9243f0000 of 64 bytes failed: Only part of a ReadProcessMemory or WriteProcessMemory request was completed. (0x12B)
[0311/110625.552:WARNING:pe_image_reader.cc(340)] could not read dos header from C:\WINDOWS\SYSTEM32\WINHTTP.dll
[0311/110625.552:ERROR:process_memory_win.cc(73)] ReadMemory at 0x7ff928e90000 of 64 bytes failed: Only part of a ReadProcessMemory or WriteProcessMemory request was completed. (0x12B)
[0311/110625.552:WARNING:pe_image_reader.cc(340)] could not read dos header from C:\WINDOWS\SYSTEM32\dhcpcsvc.DLL
[0311/110625.552:ERROR:process_memory_win.cc(73)] ReadMemory at 0x7ff930de0000 of 64 bytes failed: Only part of a ReadProcessMemory or WriteProcessMemory request was completed. (0x12B)
[0311/110625.552:WARNING:pe_image_reader.cc(340)] could not read dos header from C:\WINDOWS\System32\NSI.dll
[0311/110625.552:ERROR:process_memory_win.cc(73)] ReadMemory at 0x7ff92cb80000 of 64 bytes failed: Only part of a ReadProcessMemory or WriteProcessMemory request was completed. (0x12B)
[0311/110625.552:WARNING:pe_image_reader.cc(340)] could not read dos header from C:\WINDOWS\SYSTEM32\WINMMBASE.dll
[0311/110625.552:ERROR:process_memory_win.cc(73)] ReadMemory at 0x7ff9302f0000 of 64 bytes failed: Only part of a ReadProcessMemory or WriteProcessMemory request was completed. (0x12B)
[0311/110625.552:WARNING:pe_image_reader.cc(340)] could not read dos header from C:\WINDOWS\System32\cfgmgr32.dll
[0311/110625.552:ERROR:process_memory_win.cc(73)] ReadMemory at 0x7ff92bb60000 of 64 bytes failed: Only part of a ReadProcessMemory or WriteProcessMemory request was completed. (0x12B)
[0311/110625.552:WARNING:pe_image_reader.cc(340)] could not read dos header from C:\WINDOWS\SYSTEM32\PROPSYS.dll
[0311/110625.552:ERROR:process_memory_win.cc(73)] ReadMemory at 0x7ff930a50000 of 64 bytes failed: Only part of a ReadProcessMemory or WriteProcessMemory request was completed. (0x12B)
[0311/110625.552:WARNING:pe_image_reader.cc(340)] could not read dos header from C:\WINDOWS\System32\shcore.dll
[0311/110625.553:ERROR:process_memory_win.cc(73)] ReadMemory at 0x7ff92f760000 of 64 bytes failed: Only part of a ReadProcessMemory or WriteProcessMemory request was completed. (0x12B)
[0311/110625.553:WARNING:pe_image_reader.cc(340)] could not read dos header from C:\WINDOWS\SYSTEM32\SSPICLI.DLL
[0311/110625.553:ERROR:process_memory_win.cc(73)] ReadMemory at 0x7ff92f2b0000 of 64 bytes failed: Only part of a ReadProcessMemory or WriteProcessMemory request was completed. (0x12B)
[0311/110625.553:WARNING:pe_image_reader.cc(340)] could not read dos header from C:\WINDOWS\SYSTEM32\CRYPTBASE.DLL
[0311/110625.553:ERROR:process_memory_win.cc(73)] ReadMemory at 0x7ff6487c0000 of 64 bytes failed: Only part of a ReadProcessMemory or WriteProcessMemory request was completed. (0x12B)
[0311/110625.553:WARNING:pe_image_reader.cc(340)] could not read dos header from C:\Program Files (x86)\Google\Chrome\Application\chrome.exe
[0311/110625.553:ERROR:process_memory_win.cc(73)] ReadMemory at 0x7ff9329a0000 of 64 bytes failed: Only part of a ReadProcessMemory or WriteProcessMemory request was completed. (0x12B)
[0311/110625.553:WARNING:pe_image_reader.cc(340)] could not read dos header from C:\WINDOWS\SYSTEM32\ntdll.dll
[0311/110625.553:ERROR:process_memory_win.cc(73)] ReadMemory at 0x7ff930e50000 of 64 bytes failed: Only part of a ReadProcessMemory or WriteProcessMemory request was completed. (0x12B)
[0311/110625.553:WARNING:pe_image_reader.cc(340)] could not read dos header from C:\WINDOWS\System32\KERNEL32.DLL
[0311/110625.553:ERROR:process_memory_win.cc(73)] ReadMemory at 0x7ff9304a0000 of 64 bytes failed: Only part of a ReadProcessMemory or WriteProcessMemory request was completed. (0x12B)
[0311/110625.553:WARNING:pe_image_reader.cc(340)] could not read dos header from C:\WINDOWS\System32\KERNELBASE.dll
[0311/110625.553:ERROR:process_memory_win.cc(73)] ReadMemory at 0x7ff90dad0000 of 64 bytes failed: Only part of a ReadProcessMemory or WriteProcessMemory request was completed. (0x12B)
[0311/110625.553:WARNING:pe_image_reader.cc(340)] could not read dos header from C:\Program Files (x86)\Google\Chrome\Application\80.0.3987.132\chrome_elf.dll
[0311/110625.553:ERROR:process_memory_win.cc(73)] ReadMemory at 0x7ff9299c0000 of 64 bytes failed: Only part of a ReadProcessMemory or WriteProcessMemory request was completed. (0x12B)
[0311/110625.553:WARNING:pe_image_reader.cc(340)] could not read dos header from C:\WINDOWS\SYSTEM32\VERSION.dll
[0311/110625.553:ERROR:process_memory_win.cc(73)] ReadMemory at 0x7ff9325f0000 of 64 bytes failed: Only part of a ReadProcessMemory or WriteProcessMemory request was completed. (0x12B)
[0311/110625.553:WARNING:pe_image_reader.cc(340)] could not read dos header from C:\WINDOWS\System32\msvcrt.dll
[0311/110625.553:ERROR:process_memory_win.cc(73)] ReadMemory at 0x7ff9303f0000 of 64 bytes failed: Only part of a ReadProcessMemory or WriteProcessMemory request was completed. (0x12B)
[0311/110625.553:WARNING:pe_image_reader.cc(340)] could not read dos header from C:\WINDOWS\System32\bcryptPrimitives.dll
[0311/110625.553:ERROR:process_memory_win.cc(73)] ReadMemory at 0x7ff9327d0000 of 64 bytes failed: Only part of a ReadProcessMemory or WriteProcessMemory request was completed. (0x12B)
[0311/110625.553:WARNING:pe_image_reader.cc(340)] could not read dos header from C:\WINDOWS\System32\ADVAPI32.dll
[0311/110625.553:ERROR:process_memory_win.cc(73)] ReadMemory at 0x7ff930fe0000 of 64 bytes failed: Only part of a ReadProcessMemory or WriteProcessMemory request was completed. (0x12B)
[0311/110625.553:WARNING:pe_image_reader.cc(340)] could not read dos header from C:\WINDOWS\System32\sechost.dll
[0311/110625.553:ERROR:process_memory_win.cc(73)] ReadMemory at 0x7ff931670000 of 64 bytes failed: Only part of a ReadProcessMemory or WriteProcessMemory request was completed. (0x12B)
[0311/110625.553:WARNING:pe_image_reader.cc(340)] could not read dos header from C:\WINDOWS\System32\RPCRT4.dll
[0311/110625.553:ERROR:process_memory_win.cc(73)] ReadMemory at 0x7ff8e2d30000 of 64 bytes failed: Only part of a ReadProcessMemory or WriteProcessMemory request was completed. (0x12B)
[0311/110625.553:WARNING:pe_image_reader.cc(340)] could not read dos header from C:\Program Files (x86)\Google\Chrome\Application\80.0.3987.132\chrome.dll
[0311/110625.553:ERROR:process_memory_win.cc(73)] ReadMemory at 0x7ff931220000 of 64 bytes failed: Only part of a ReadProcessMemory or WriteProcessMemory request was completed. (0x12B)
[0311/110625.553:WARNING:pe_image_reader.cc(340)] could not read dos header from C:\WINDOWS\System32\WS2_32.dll
[0311/110625.554:ERROR:process_memory_win.cc(73)] ReadMemory at 0x1e2b8b90000 of 64 bytes failed: Only part of a ReadProcessMemory or WriteProcessMemory request was completed. (0x12B)
[0311/110625.554:WARNING:pe_image_reader.cc(340)] could not read dos header from C:\WINDOWS\System32\OLEAUT32.dll
[0311/110625.554:ERROR:process_memory_win.cc(73)] ReadMemory at 0x7ff930250000 of 64 bytes failed: Only part of a ReadProcessMemory or WriteProcessMemory request was completed. (0x12B)
[0311/110625.554:WARNING:pe_image_reader.cc(340)] could not read dos header from C:\WINDOWS\System32\msvcp_win.dll
[0311/110625.554:ERROR:process_memory_win.cc(73)] ReadMemory at 0x7ff930750000 of 64 bytes failed: Only part of a ReadProcessMemory or WriteProcessMemory request was completed. (0x12B)
[0311/110625.554:WARNING:pe_image_reader.cc(340)] could not read dos header from C:\WINDOWS\System32\ucrtbase.dll
[0311/110625.554:ERROR:process_memory_win.cc(73)] ReadMemory at 0x7ff9312b0000 of 64 bytes failed: Only part of a ReadProcessMemory or WriteProcessMemory request was completed. (0x12B)
[0311/110625.554:WARNING:pe_image_reader.cc(340)] could not read dos header from C:\WINDOWS\System32\combase.dll
[0311/110625.554:ERROR:process_memory_win.cc(73)] ReadMemory at 0x7ff9309d0000 of 64 bytes failed: Only part of a ReadProcessMemory or WriteProcessMemory request was completed. (0x12B)
[0311/110625.554:WARNING:pe_image_reader.cc(340)] could not read dos header from C:\WINDOWS\System32\WINTRUST.dll
[0311/110625.554:ERROR:process_memory_win.cc(73)] ReadMemory at 0x7ff92f8c0000 of 64 bytes failed: Only part of a ReadProcessMemory or WriteProcessMemory request was completed. (0x12B)
[0311/110625.554:WARNING:pe_image_reader.cc(340)] could not read dos header from C:\WINDOWS\System32\MSASN1.dll
[0311/110625.554:ERROR:process_memory_win.cc(73)] ReadMemory at 0x7ff930880000 of 64 bytes failed: Only part of a ReadProcessMemory or WriteProcessMemory request was completed. (0x12B)
[0311/110625.554:WARNING:pe_image_reader.cc(340)] could not read dos header from C:\WINDOWS\System32\CRYPT32.dll
[0311/110625.554:ERROR:process_memory_win.cc(73)] ReadMemory at 0x7ff92ed90000 of 64 bytes failed: Only part of a ReadProcessMemory or WriteProcessMemory request was completed. (0x12B)
[0311/110625.554:WARNING:pe_image_reader.cc(340)] could not read dos header from C:\WINDOWS\SYSTEM32\IPHLPAPI.DLL
[0311/110625.554:ERROR:process_memory_win.cc(73)] ReadMemory at 0x7ff92d630000 of 64 bytes failed: Only part of a ReadProcessMemory or WriteProcessMemory request was completed. (0x12B)
[0311/110625.554:WARNING:pe_image_reader.cc(340)] could not read dos header from C:\WINDOWS\SYSTEM32\WINMM.dll
[0311/110625.554:ERROR:process_memory_win.cc(73)] ReadMemory at 0x7ff92d6b0000 of 64 bytes failed: Only part of a ReadProcessMemory or WriteProcessMemory request was completed. (0x12B)
[0311/110625.554:WARNING:pe_image_reader.cc(340)] could not read dos header from C:\WINDOWS\SYSTEM32\Secur32.dll
[0311/110625.554:ERROR:process_memory_win.cc(73)] ReadMemory at 0x7ff92f790000 of 64 bytes failed: Only part of a ReadProcessMemory or WriteProcessMemory request was completed. (0x12B)
[0311/110625.554:WARNING:pe_image_reader.cc(340)] could not read dos header from C:\WINDOWS\SYSTEM32\USERENV.dll
[0311/110625.554:ERROR:process_memory_win.cc(73)] ReadMemory at 0x7ff92f8a0000 of 64 bytes failed: Only part of a ReadProcessMemory or WriteProcessMemory request was completed. (0x12B)
[0311/110625.554:WARNING:pe_image_reader.cc(340)] could not read dos header from C:\WINDOWS\System32\profapi.dll
[0311/110625.554:ERROR:process_memory_win.cc(73)] ReadMemory at 0x7ff9117b0000 of 64 bytes failed: Only part of a ReadProcessMemory or WriteProcessMemory request was completed. (0x12B)
[0311/110625.554:WARNING:pe_image_reader.cc(340)] could not read dos header from C:\WINDOWS\SYSTEM32\UIAutomationCore.DLL
[0311/110625.554:ERROR:process_memory_win.cc(73)] ReadMemory at 0x7ff920430000 of 64 bytes failed: Only part of a ReadProcessMemory or WriteProcessMemory request was completed. (0x12B)
[0311/110625.554:WARNING:pe_image_reader.cc(340)] could not read dos header from C:\WINDOWS\SYSTEM32\DWrite.dll
[0311/110625.554:ERROR:process_memory_win.cc(73)] ReadMemory at 0x7ff91e5e0000 of 64 bytes failed: Only part of a ReadProcessMemory or WriteProcessMemory request was completed. (0x12B)
[0311/110625.555:WARNING:pe_image_reader.cc(340)] could not read dos header from C:\WINDOWS\SYSTEM32\WINSPOOL.DRV
[0311/110625.555:ERROR:process_memory_win.cc(73)] ReadMemory at 0x7ff92f880000 of 64 bytes failed: Only part of a ReadProcessMemory or WriteProcessMemory request was completed. (0x12B)
[0311/110625.555:WARNING:pe_image_reader.cc(340)] could not read dos header from C:\WINDOWS\System32\kernel.appcore.dll
[0311/110625.555:ERROR:process_memory_win.cc(73)] ReadMemory at 0x7ff930470000 of 64 bytes failed: Only part of a ReadProcessMemory or WriteProcessMemory request was completed. (0x12B)
[0311/110625.555:WARNING:pe_image_reader.cc(340)] could not read dos header from C:\WINDOWS\System32\bcrypt.dll
[0311/110625.555:ERROR:process_memory_win.cc(73)] ReadMemory at 0x7ff927290000 of 64 bytes failed: Only part of a ReadProcessMemory or WriteProcessMemory request was completed. (0x12B)
[0311/110625.555:WARNING:pe_image_reader.cc(340)] could not read dos header from C:\WINDOWS\SYSTEM32\dbghelp.dll
[0311/110625.555:ERROR:process_memory_win.cc(73)] ReadMemory at 0x7ff9243f0000 of 64 bytes failed: Only part of a ReadProcessMemory or WriteProcessMemory request was completed. (0x12B)
[0311/110625.555:WARNING:pe_image_reader.cc(340)] could not read dos header from C:\WINDOWS\SYSTEM32\WINHTTP.dll
[0311/110625.555:ERROR:process_memory_win.cc(73)] ReadMemory at 0x7ff928e90000 of 64 bytes failed: Only part of a ReadProcessMemory or WriteProcessMemory request was completed. (0x12B)
[0311/110625.555:WARNING:pe_image_reader.cc(340)] could not read dos header from C:\WINDOWS\SYSTEM32\dhcpcsvc.DLL
[0311/110625.555:ERROR:process_memory_win.cc(73)] ReadMemory at 0x7ff930de0000 of 64 bytes failed: Only part of a ReadProcessMemory or WriteProcessMemory request was completed. (0x12B)
[0311/110625.555:WARNING:pe_image_reader.cc(340)] could not read dos header from C:\WINDOWS\System32\NSI.dll
[0311/110625.555:ERROR:process_memory_win.cc(73)] ReadMemory at 0x7ff92cb80000 of 64 bytes failed: Only part of a ReadProcessMemory or WriteProcessMemory request was completed. (0x12B)
[0311/110625.555:WARNING:pe_image_reader.cc(340)] could not read dos header from C:\WINDOWS\SYSTEM32\WINMMBASE.dll
[0311/110625.555:ERROR:process_memory_win.cc(73)] ReadMemory at 0x7ff9302f0000 of 64 bytes failed: Only part of a ReadProcessMemory or WriteProcessMemory request was completed. (0x12B)
[0311/110625.555:WARNING:pe_image_reader.cc(340)] could not read dos header from C:\WINDOWS\System32\cfgmgr32.dll
[0311/110625.555:ERROR:process_memory_win.cc(73)] ReadMemory at 0x7ff92bb60000 of 64 bytes failed: Only part of a ReadProcessMemory or WriteProcessMemory request was completed. (0x12B)
[0311/110625.555:WARNING:pe_image_reader.cc(340)] could not read dos header from C:\WINDOWS\SYSTEM32\PROPSYS.dll
[0311/110625.555:ERROR:process_memory_win.cc(73)] ReadMemory at 0x7ff930a50000 of 64 bytes failed: Only part of a ReadProcessMemory or WriteProcessMemory request was completed. (0x12B)
[0311/110625.555:WARNING:pe_image_reader.cc(340)] could not read dos header from C:\WINDOWS\System32\shcore.dll
[0311/110625.555:ERROR:process_memory_win.cc(73)] ReadMemory at 0x7ff92f760000 of 64 bytes failed: Only part of a ReadProcessMemory or WriteProcessMemory request was completed. (0x12B)
[0311/110625.555:WARNING:pe_image_reader.cc(340)] could not read dos header from C:\WINDOWS\SYSTEM32\SSPICLI.DLL
[0311/110625.555:ERROR:process_memory_win.cc(73)] ReadMemory at 0x7ff92f2b0000 of 64 bytes failed: Only part of a ReadProcessMemory or WriteProcessMemory request was completed. (0x12B)
[0311/110625.555:WARNING:pe_image_reader.cc(340)] could not read dos header from C:\WINDOWS\SYSTEM32\CRYPTBASE.DLL
[0311/110625.753:ERROR:process_memory_win.cc(73)] ReadMemory at 0x225c7f2000 of 57344 bytes failed: Only part of a ReadProcessMemory or WriteProcessMemory request was completed. (0x12B)
[0311/110625.753:ERROR:process_memory_win.cc(73)] ReadMemory at 0x225cffd000 of 12288 bytes failed: Only part of a ReadProcessMemory or WriteProcessMemory request was completed. (0x12B)
[0311/110625.754:ERROR:process_memory_win.cc(73)] ReadMemory at 0x225d7f6000 of 40960 bytes failed: Only part of a ReadProcessMemory or WriteProcessMemory request was completed. (0x12B)
[0311/110625.754:ERROR:process_memory_win.cc(73)] ReadMemory at 0x225dffc000 of 16384 bytes failed: Only part of a ReadProcessMemory or WriteProcessMemory request was completed. (0x12B)
[0311/110625.754:ERROR:process_memory_win.cc(73)] ReadMemory at 0x225e7fc000 of 16384 bytes failed: Only part of a ReadProcessMemory or WriteProcessMemory request was completed. (0x12B)
[0311/110625.754:ERROR:process_memory_win.cc(73)] ReadMemory at 0x225efff000 of 4096 bytes failed: Only part of a ReadProcessMemory or WriteProcessMemory request was completed. (0x12B)
[0311/110625.754:ERROR:process_memory_win.cc(73)] ReadMemory at 0x225f7fd000 of 12288 bytes failed: Only part of a ReadProcessMemory or WriteProcessMemory request was completed. (0x12B)
[0311/110625.754:ERROR:process_memory_win.cc(73)] ReadMemory at 0x225fffb000 of 20480 bytes failed: Only part of a ReadProcessMemory or WriteProcessMemory request was completed. (0x12B)
[0311/110625.754:ERROR:process_memory_win.cc(73)] ReadMemory at 0x2260ffd000 of 12288 bytes failed: Only part of a ReadProcessMemory or WriteProcessMemory request was completed. (0x12B)
[0311/110625.754:ERROR:process_memory_win.cc(73)] ReadMemory at 0x22617fd000 of 12288 bytes failed: Only part of a ReadProcessMemory or WriteProcessMemory request was completed. (0x12B)
[0311/110625.754:ERROR:process_memory_win.cc(73)] ReadMemory at 0x2261ffd000 of 12288 bytes failed: Only part of a ReadProcessMemory or WriteProcessMemory request was completed. (0x12B)
[0311/110625.754:ERROR:process_memory_win.cc(73)] ReadMemory at 0x22627fd000 of 12288 bytes failed: Only part of a ReadProcessMemory or WriteProcessMemory request was completed. (0x12B)
[0311/110625.754:ERROR:process_memory_win.cc(73)] ReadMemory at 0x2262ffc000 of 16384 bytes failed: Only part of a ReadProcessMemory or WriteProcessMemory request was completed. (0x12B)
[0311/110625.755:ERROR:process_memory_win.cc(73)] ReadMemory at 0x22637fc000 of 16384 bytes failed: Only part of a ReadProcessMemory or WriteProcessMemory request was completed. (0x12B)
[0311/110625.756:ERROR:process_memory_win.cc(73)] ReadMemory at 0x225be7e000 of 852 bytes failed: Only part of a ReadProcessMemory or WriteProcessMemory request was completed. (0x12B)
[0311/110625.979:ERROR:process_memory_win.cc(73)] ReadMemory at 0x225be7f000 of 6024 bytes failed: Only part of a ReadProcessMemory or WriteProcessMemory request was completed. (0x12B)
[0311/110626.450:ERROR:process_memory_win.cc(73)] ReadMemory at 0x225be81000 of 6024 bytes failed: Only part of a ReadProcessMemory or WriteProcessMemory request was completed. (0x12B)
[0311/110626.839:ERROR:process_memory_win.cc(73)] ReadMemory at 0x225be83000 of 6024 bytes failed: Only part of a ReadProcessMemory or WriteProcessMemory request was completed. (0x12B)
[0311/110627.092:ERROR:process_memory_win.cc(73)] ReadMemory at 0x225be85000 of 6024 bytes failed: Only part of a ReadProcessMemory or WriteProcessMemory request was completed. (0x12B)
[0311/110627.092:ERROR:process_memory_win.cc(73)] ReadMemory at 0x225be87000 of 6024 bytes failed: Only part of a ReadProcessMemory or WriteProcessMemory request was completed. (0x12B)
[0311/110627.092:ERROR:process_memory_win.cc(73)] ReadMemory at 0x225be89000 of 6024 bytes failed: Only part of a ReadProcessMemory or WriteProcessMemory request was completed. (0x12B)
[0311/110627.092:ERROR:process_memory_win.cc(73)] ReadMemory at 0x225be8b000 of 6024 bytes failed: Only part of a ReadProcessMemory or WriteProcessMemory request was completed. (0x12B)
[0311/110627.093:ERROR:process_memory_win.cc(73)] ReadMemory at 0x225be8d000 of 6024 bytes failed: Only part of a ReadProcessMemory or WriteProcessMemory request was completed. (0x12B)
[0311/110627.093:ERROR:process_memory_win.cc(73)] ReadMemory at 0x225be91000 of 6024 bytes failed: Only part of a ReadProcessMemory or WriteProcessMemory request was completed. (0x12B)
[0311/110627.093:ERROR:process_memory_win.cc(73)] ReadMemory at 0x225be93000 of 6024 bytes failed: Only part of a ReadProcessMemory or WriteProcessMemory request was completed. (0x12B)
[0311/110627.093:ERROR:process_memory_win.cc(73)] ReadMemory at 0x225be95000 of 6024 bytes failed: Only part of a ReadProcessMemory or WriteProcessMemory request was completed. (0x12B)
[0311/110627.093:ERROR:process_memory_win.cc(73)] ReadMemory at 0x225be97000 of 6024 bytes failed: Only part of a ReadProcessMemory or WriteProcessMemory request was completed. (0x12B)
[0311/110627.093:ERROR:process_memory_win.cc(73)] ReadMemory at 0x225be99000 of 6024 bytes failed: Only part of a ReadProcessMemory or WriteProcessMemory request was completed. (0x12B)
[0311/110627.093:ERROR:process_memory_win.cc(73)] ReadMemory at 0x225be9b000 of 6024 bytes failed: Only part of a ReadProcessMemory or WriteProcessMemory request was completed. (0x12B)
[0311/110627.247:ERROR:process_memory_win.cc(73)] ReadMemory at 0x1e2b8790750 of 80 bytes failed: Only part of a ReadProcessMemory or WriteProcessMemory request was completed. (0x12B)
[0311/110627.507:ERROR:process_memory_win.cc(73)] ReadMemory at 0x1e2b8790fe0 of 15640 bytes failed: Only part of a ReadProcessMemory or WriteProcessMemory request was completed. (0x12B)
[0311/110627.507:ERROR:process_memory_win.cc(73)] ReadMemory at 0x1e2b8794d00 of 1012 bytes failed: Only part of a ReadProcessMemory or WriteProcessMemory request was completed. (0x12B)
[0311/110627.787:ERROR:process_memory_win.cc(73)] ReadMemory at 0x1e2b8795348 of 118 bytes failed: Only part of a ReadProcessMemory or WriteProcessMemory request was completed. (0x12B)
[0311/110627.790:ERROR:process_memory_win.cc(73)] ReadMemory at 0x1e2b87953c0 of 754 bytes failed: Only part of a ReadProcessMemory or WriteProcessMemory request was completed. (0x12B)
[0311/110627.790:ERROR:process_memory_win.cc(73)] ReadMemory at 0x1e2b87956b4 of 118 bytes failed: Only part of a ReadProcessMemory or WriteProcessMemory request was completed. (0x12B)
[0311/110627.791:ERROR:process_memory_win.cc(73)] ReadMemory at 0x1e2b879572c of 96 bytes failed: Only part of a ReadProcessMemory or WriteProcessMemory request was completed. (0x12B)
[0311/110627.791:ERROR:process_memory_win.cc(73)] ReadMemory at 0x1e2b87957a0 of 58 bytes failed: Only part of a ReadProcessMemory or WriteProcessMemory request was completed. (0x12B)
[0311/110627.791:ERROR:process_memory_win.cc(73)] ReadMemory at 0x1e2b87958a0 of 132 bytes failed: Only part of a ReadProcessMemory or WriteProcessMemory request was completed. (0x12B)
[0311/110628.250:ERROR:process_memory_win.cc(73)] ReadMemory at 0x1e2b8795a30 of 132 bytes failed: Only part of a ReadProcessMemory or WriteProcessMemory request was completed. (0x12B)
[0311/110628.298:ERROR:process_memory_win.cc(73)] ReadMemory at 0x1e2b8795bf0 of 126 bytes failed: Only part of a ReadProcessMemory or WriteProcessMemory request was completed. (0x12B)
[0311/110628.298:ERROR:process_memory_win.cc(73)] ReadMemory at 0x1e2b8795fd0 of 132 bytes failed: Only part of a ReadProcessMemory or WriteProcessMemory request was completed. (0x12B)
[0311/110628.590:ERROR:process_memory_win.cc(73)] ReadMemory at 0x1e2b8796160 of 64 bytes failed: Only part of a ReadProcessMemory or WriteProcessMemory request was completed. (0x12B)
[0311/110628.718:ERROR:process_memory_win.cc(73)] ReadMemory at 0x1e2b8796320 of 132 bytes failed: Only part of a ReadProcessMemory or WriteProcessMemory request was completed. (0x12B)
[0311/110628.809:ERROR:process_memory_win.cc(73)] ReadMemory at 0x1e2b87965c0 of 132 bytes failed: Only part of a ReadProcessMemory or WriteProcessMemory request was completed. (0x12B)
[0311/110630.112:ERROR:process_memory_win.cc(73)] ReadMemory at 0x1e2b8796750 of 68 bytes failed: Only part of a ReadProcessMemory or WriteProcessMemory request was completed. (0x12B)
[0311/110630.456:ERROR:process_memory_win.cc(73)] ReadMemory at 0x1e2b8797820 of 132 bytes failed: Only part of a ReadProcessMemory or WriteProcessMemory request was completed. (0x12B)
[0311/110630.456:ERROR:process_memory_win.cc(73)] ReadMemory at 0x1e2b87979b0 of 154 bytes failed: Only part of a ReadProcessMemory or WriteProcessMemory request was completed. (0x12B)
[0311/110632.518:ERROR:process_memory_win.cc(73)] ReadMemory at 0x1e2b87987c0 of 62 bytes failed: Only part of a ReadProcessMemory or WriteProcessMemory request was completed. (0x12B)
[0311/110632.940:ERROR:process_memory_win.cc(73)] ReadMemory at 0x1e2b8798840 of 146 bytes failed: Only part of a ReadProcessMemory or WriteProcessMemory request was completed. (0x12B)
[0311/110632.940:ERROR:process_memory_win.cc(73)] ReadMemory at 0x1e2b8798920 of 132 bytes failed: Only part of a ReadProcessMemory or WriteProcessMemory request was completed. (0x12B)
[0311/110632.955:ERROR:process_memory_win.cc(73)] ReadMemory at 0x1e2b8798fd0 of 60 bytes failed: Only part of a ReadProcessMemory or WriteProcessMemory request was completed. (0x12B)
[0311/110633.518:ERROR:process_memory_win.cc(73)] ReadMemory at 0x1e2b87996c0 of 132 bytes failed: Only part of a ReadProcessMemory or WriteProcessMemory request was completed. (0x12B)
[0311/110634.143:ERROR:process_memory_win.cc(73)] ReadMemory at 0x1e2b87998d0 of 132 bytes failed: Only part of a ReadProcessMemory or WriteProcessMemory request was completed. (0x12B)
[0311/110634.143:ERROR:process_memory_win.cc(73)] ReadMemory at 0x1e2b879a360 of 132 bytes failed: Only part of a ReadProcessMemory or WriteProcessMemory request was completed. (0x12B)
[0311/110635.049:ERROR:process_memory_win.cc(73)] ReadMemory at 0x1e2b879d2b0 of 62 bytes failed: Only part of a ReadProcessMemory or WriteProcessMemory request was completed. (0x12B)
[0311/110635.533:ERROR:process_memory_win.cc(73)] ReadMemory at 0x1e2b879d3f0 of 60 bytes failed: Only part of a ReadProcessMemory or WriteProcessMemory request was completed. (0x12B)
[0311/110635.580:ERROR:process_memory_win.cc(73)] ReadMemory at 0x1e2b879d490 of 66 bytes failed: Only part of a ReadProcessMemory or WriteProcessMemory request was completed. (0x12B)
[0311/110635.612:ERROR:process_memory_win.cc(73)] ReadMemory at 0x1e2b879d4e0 of 64 bytes failed: Only part of a ReadProcessMemory or WriteProcessMemory request was completed. (0x12B)
[0311/110636.174:ERROR:process_memory_win.cc(73)] ReadMemory at 0x1e2b879d530 of 62 bytes failed: Only part of a ReadProcessMemory or WriteProcessMemory request was completed. (0x12B)
[0311/110637.205:ERROR:process_memory_win.cc(73)] ReadMemory at 0x1e2b879d5d0 of 64 bytes failed: Only part of a ReadProcessMemory or WriteProcessMemory request was completed. (0x12B)
[0311/110637.252:ERROR:process_memory_win.cc(73)] ReadMemory at 0x1e2b879d620 of 64 bytes failed: Only part of a ReadProcessMemory or WriteProcessMemory request was completed. (0x12B)
[0311/110637.252:ERROR:process_memory_win.cc(73)] ReadMemory at 0x1e2b879d670 of 60 bytes failed: Only part of a ReadProcessMemory or WriteProcessMemory request was completed. (0x12B)
[0311/110637.315:ERROR:process_memory_win.cc(73)] ReadMemory at 0x1e2b879d710 of 64 bytes failed: Only part of a ReadProcessMemory or WriteProcessMemory request was completed. (0x12B)
[0311/110637.315:ERROR:process_memory_win.cc(73)] ReadMemory at 0x1e2b879dfb0 of 76 bytes failed: Only part of a ReadProcessMemory or WriteProcessMemory request was completed. (0x12B)
[0311/110637.315:ERROR:process_memory_win.cc(73)] ReadMemory at 0x1e2b879e670 of 80 bytes failed: Only part of a ReadProcessMemory or WriteProcessMemory request was completed. (0x12B)
[0311/110637.315:ERROR:process_memory_win.cc(73)] ReadMemory at 0x1e2b87a1e00 of 54 bytes failed: Only part of a ReadProcessMemory or WriteProcessMemory request was completed. (0x12B)
[0311/110638.377:ERROR:process_memory_win.cc(73)] ReadMemory at 0x1e2b87a29e0 of 132 bytes failed: Only part of a ReadProcessMemory or WriteProcessMemory request was completed. (0x12B)
[0311/110638.830:ERROR:process_memory_win.cc(73)] ReadMemory at 0x1e2b87a2d30 of 132 bytes failed: Only part of a ReadProcessMemory or WriteProcessMemory request was completed. (0x12B)
[0311/110639.315:ERROR:process_memory_win.cc(73)] ReadMemory at 0x1e2b87a3240 of 132 bytes failed: Only part of a ReadProcessMemory or WriteProcessMemory request was completed. (0x12B)
[0311/110639.346:ERROR:process_memory_win.cc(73)] ReadMemory at 0x1e2b87a3370 of 132 bytes failed: Only part of a ReadProcessMemory or WriteProcessMemory request was completed. (0x12B)
[0311/110639.346:ERROR:process_memory_win.cc(73)] ReadMemory at 0x1e2b87a4a90 of 132 bytes failed: Only part of a ReadProcessMemory or WriteProcessMemory request was completed. (0x12B)
[0311/110639.346:ERROR:process_memory_win.cc(73)] ReadMemory at 0x1e2b87a4bc0 of 132 bytes failed: Only part of a ReadProcessMemory or WriteProcessMemory request was completed. (0x12B)
[0311/110639.471:ERROR:process_memory_win.cc(73)] ReadMemory at 0x1e2b87a4cf0 of 132 bytes failed: Only part of a ReadProcessMemory or WriteProcessMemory request was completed. (0x12B)
[0311/110639.471:ERROR:process_memory_win.cc(73)] ReadMemory at 0x1e2b87a4e20 of 132 bytes failed: Only part of a ReadProcessMemory or WriteProcessMemory request was completed. (0x12B)
[0311/110639.471:ERROR:process_memory_win.cc(73)] ReadMemory at 0x1e2b87a4f50 of 132 bytes failed: Only part of a ReadProcessMemory or WriteProcessMemory request was completed. (0x12B)
[0311/110640.080:ERROR:process_memory_win.cc(73)] ReadMemory at 0x1e2b87a51b0 of 132 bytes failed: Only part of a ReadProcessMemory or WriteProcessMemory request was completed. (0x12B)
[0311/110643.830:ERROR:process_memory_win.cc(73)] ReadMemory at 0x1e2b87a52e0 of 132 bytes failed: Only part of a ReadProcessMemory or WriteProcessMemory request was completed. (0x12B)
[0311/110644.517:ERROR:process_memory_win.cc(73)] ReadMemory at 0x1e2b87a5410 of 132 bytes failed: Only part of a ReadProcessMemory or WriteProcessMemory request was completed. (0x12B)
[0311/110645.944:ERROR:process_memory_win.cc(73)] ReadMemory at 0x1e2b87a5540 of 132 bytes failed: Only part of a ReadProcessMemory or WriteProcessMemory request was completed. (0x12B)
[0311/110646.020:ERROR:process_memory_win.cc(73)] ReadMemory at 0x1e2b87a5670 of 132 bytes failed: Only part of a ReadProcessMemory or WriteProcessMemory request was completed. (0x12B)
[0311/110646.020:ERROR:process_memory_win.cc(73)] ReadMemory at 0x1e2b87a57a0 of 132 bytes failed: Only part of a ReadProcessMemory or WriteProcessMemory request was completed. (0x12B)
[0311/110646.486:ERROR:process_memory_win.cc(73)] ReadMemory at 0x1e2b87a58d0 of 132 bytes failed: Only part of a ReadProcessMemory or WriteProcessMemory request was completed. (0x12B)
[0311/110647.328:ERROR:process_memory_win.cc(73)] ReadMemory at 0x1e2b87a6b60 of 132 bytes failed: Only part of a ReadProcessMemory or WriteProcessMemory request was completed. (0x12B)
[0311/110647.329:ERROR:process_memory_win.cc(73)] ReadMemory at 0x1e2b87a8ab0 of 132 bytes failed: Only part of a ReadProcessMemory or WriteProcessMemory request was completed. (0x12B)
[0311/110647.329:ERROR:process_memory_win.cc(73)] ReadMemory at 0x1e2b87a8cd0 of 132 bytes failed: Only part of a ReadProcessMemory or WriteProcessMemory request was completed. (0x12B)
[0311/110647.329:ERROR:process_memory_win.cc(73)] ReadMemory at 0x1e2b87a8fe0 of 64 bytes failed: Only part of a ReadProcessMemory or WriteProcessMemory request was completed. (0x12B)
[0311/110647.331:ERROR:process_memory_win.cc(73)] ReadMemory at 0x1e2b87a9350 of 62 bytes failed: Only part of a ReadProcessMemory or WriteProcessMemory request was completed. (0x12B)
[0311/110648.093:ERROR:process_memory_win.cc(73)] ReadMemory at 0x1e2b87a93f0 of 62 bytes failed: Only part of a ReadProcessMemory or WriteProcessMemory request was completed. (0x12B)
[0311/110648.093:ERROR:process_memory_win.cc(73)] ReadMemory at 0x1e2b87a9580 of 60 bytes failed: Only part of a ReadProcessMemory or WriteProcessMemory request was completed. (0x12B)
[0311/110648.093:ERROR:process_memory_win.cc(73)] ReadMemory at 0x1e2b87a9670 of 58 bytes failed: Only part of a ReadProcessMemory or WriteProcessMemory request was completed. (0x12B)
[0311/110648.093:ERROR:process_memory_win.cc(73)] ReadMemory at 0x1e2b87a9710 of 62 bytes failed: Only part of a ReadProcessMemory or WriteProcessMemory request was completed. (0x12B)
[0311/110648.108:ERROR:process_memory_win.cc(73)] ReadMemory at 0x1e2b87a9760 of 62 bytes failed: Only part of a ReadProcessMemory or WriteProcessMemory request was completed. (0x12B)
[0311/110650.469:ERROR:process_memory_win.cc(73)] ReadMemory at 0x1e2b87a97b0 of 66 bytes failed: Only part of a ReadProcessMemory or WriteProcessMemory request was completed. (0x12B)
[0311/110651.078:ERROR:process_memory_win.cc(73)] ReadMemory at 0x1e2b87a98f0 of 62 bytes failed: Only part of a ReadProcessMemory or WriteProcessMemory request was completed. (0x12B)
[0311/110651.078:ERROR:process_memory_win.cc(73)] ReadMemory at 0x1e2b87a9990 of 60 bytes failed: Only part of a ReadProcessMemory or WriteProcessMemory request was completed. (0x12B)
[0311/110651.203:ERROR:process_memory_win.cc(73)] ReadMemory at 0x1e2b87a99e0 of 64 bytes failed: Only part of a ReadProcessMemory or WriteProcessMemory request was completed. (0x12B)
[0311/110652.828:ERROR:process_memory_win.cc(73)] ReadMemory at 0x1e2b87a9a80 of 60 bytes failed: Only part of a ReadProcessMemory or WriteProcessMemory request was completed. (0x12B)
[0311/110655.689:ERROR:process_memory_win.cc(73)] ReadMemory at 0x1e2b87a9ad0 of 62 bytes failed: Only part of a ReadProcessMemory or WriteProcessMemory request was completed. (0x12B)
[0311/110656.704:ERROR:process_memory_win.cc(73)] ReadMemory at 0x1e2b87a9b20 of 60 bytes failed: Only part of a ReadProcessMemory or WriteProcessMemory request was completed. (0x12B)
[0311/110656.736:ERROR:process_memory_win.cc(73)] ReadMemory at 0x1e2b87a9b70 of 64 bytes failed: Only part of a ReadProcessMemory or WriteProcessMemory request was completed. (0x12B)
[0311/110657.048:ERROR:process_memory_win.cc(73)] ReadMemory at 0x1e2b87a9c10 of 62 bytes failed: Only part of a ReadProcessMemory or WriteProcessMemory request was completed. (0x12B)
[0311/110657.111:ERROR:process_memory_win.cc(73)] ReadMemory at 0x1e2b87a9c60 of 64 bytes failed: Only part of a ReadProcessMemory or WriteProcessMemory request was completed. (0x12B)
[0311/110657.111:ERROR:process_memory_win.cc(73)] ReadMemory at 0x1e2b87a9e40 of 62 bytes failed: Only part of a ReadProcessMemory or WriteProcessMemory request was completed. (0x12B)
[0311/110657.204:ERROR:process_memory_win.cc(73)] ReadMemory at 0x1e2b87aa0d0 of 132 bytes failed: Only part of a ReadProcessMemory or WriteProcessMemory request was completed. (0x12B)
[0311/110657.267:ERROR:process_memory_win.cc(73)] ReadMemory at 0x1e2b87aa7f0 of 132 bytes failed: Only part of a ReadProcessMemory or WriteProcessMemory request was completed. (0x12B)
[0311/110657.267:ERROR:process_memory_win.cc(73)] ReadMemory at 0x1e2b87aa920 of 132 bytes failed: Only part of a ReadProcessMemory or WriteProcessMemory request was completed. (0x12B)
[0311/110657.345:ERROR:process_memory_win.cc(73)] ReadMemory at 0x1e2b87aab80 of 132 bytes failed: Only part of a ReadProcessMemory or WriteProcessMemory request was completed. (0x12B)
[0311/110657.439:ERROR:process_memory_win.cc(73)] ReadMemory at 0x1e2b87ab2a0 of 132 bytes failed: Only part of a ReadProcessMemory or WriteProcessMemory request was completed. (0x12B)
[0311/110657.439:ERROR:process_memory_win.cc(73)] ReadMemory at 0x1e2b87ab3d0 of 132 bytes failed: Only part of a ReadProcessMemory or WriteProcessMemory request was completed. (0x12B)
[0311/110657.454:ERROR:process_memory_win.cc(73)] ReadMemory at 0x1e2b87ab890 of 132 bytes failed: Only part of a ReadProcessMemory or WriteProcessMemory request was completed. (0x12B)
[0311/110657.454:ERROR:process_memory_win.cc(73)] ReadMemory at 0x1e2b87ab9c0 of 132 bytes failed: Only part of a ReadProcessMemory or WriteProcessMemory request was completed. (0x12B)
[0311/110657.454:ERROR:process_memory_win.cc(73)] ReadMemory at 0x1e2b87abc20 of 132 bytes failed: Only part of a ReadProcessMemory or WriteProcessMemory request was completed. (0x12B)
[0311/110657.454:ERROR:process_memory_win.cc(73)] ReadMemory at 0x1e2b87abd50 of 132 bytes failed: Only part of a ReadProcessMemory or WriteProcessMemory request was completed. (0x12B)
[0311/110657.454:ERROR:process_memory_win.cc(73)] ReadMemory at 0x1e2b87c17e0 of 512 bytes failed: Only part of a ReadProcessMemory or WriteProcessMemory request was completed. (0x12B)
[0311/110657.454:ERROR:process_memory_win.cc(73)] ReadMemory at 0x1e2b87c2570 of 512 bytes failed: Only part of a ReadProcessMemory or WriteProcessMemory request was completed. (0x12B)
[0311/110657.454:ERROR:process_memory_win.cc(73)] ReadMemory at 0x1e2b8c9cca0 of 512 bytes failed: Only part of a ReadProcessMemory or WriteProcessMemory request was completed. (0x12B)
[0311/110657.454:ERROR:process_memory_win.cc(73)] ReadMemory at 0x1e2b8ca45f0 of 512 bytes failed: Only part of a ReadProcessMemory or WriteProcessMemory request was completed. (0x12B)
[0311/110657.454:ERROR:process_memory_win.cc(73)] ReadMemory at 0x1e2b8ca5ce0 of 512 bytes failed: Only part of a ReadProcessMemory or WriteProcessMemory request was completed. (0x12B)
[0311/110657.454:ERROR:process_memory_win.cc(73)] ReadMemory at 0x1e2b8ca5f20 of 512 bytes failed: Only part of a ReadProcessMemory or WriteProcessMemory request was completed. (0x12B)
[0311/110657.454:ERROR:process_memory_win.cc(73)] ReadMemory at 0x1e2b8cd60a0 of 512 bytes failed: Only part of a ReadProcessMemory or WriteProcessMemory request was completed. (0x12B)
[0311/110657.693:ERROR:process_memory_win.cc(73)] ReadMemory at 0x1e2b8cd8850 of 712 bytes failed: Only part of a ReadProcessMemory or WriteProcessMemory request was completed. (0x12B)
[0311/110657.693:ERROR:process_memory_win.cc(73)] ReadMemory at 0x1e2b8cf49a8 of 512 bytes failed: Only part of a ReadProcessMemory or WriteProcessMemory request was completed. (0x12B)
[0311/110657.693:ERROR:process_memory_win.cc(73)] ReadMemory at 0x1e2bab200b0 of 512 bytes failed: Only part of a ReadProcessMemory or WriteProcessMemory request was completed. (0x12B)
[0311/110657.693:ERROR:process_memory_win.cc(73)] ReadMemory at 0x1e2bab438a8 of 944 bytes failed: Only part of a ReadProcessMemory or WriteProcessMemory request was completed. (0x12B)
[0311/110657.693:ERROR:process_memory_win.cc(73)] ReadMemory at 0x1e2bab50910 of 512 bytes failed: Only part of a ReadProcessMemory or WriteProcessMemory request was completed. (0x12B)
[0311/110657.693:ERROR:process_memory_win.cc(73)] ReadMemory at 0x1e2bab85148 of 512 bytes failed: Only part of a ReadProcessMemory or WriteProcessMemory request was completed. (0x12B)
[0311/110657.693:ERROR:process_memory_win.cc(73)] ReadMemory at 0x1e2bac8f010 of 512 bytes failed: Only part of a ReadProcessMemory or WriteProcessMemory request was completed. (0x12B)
[0311/110657.693:ERROR:process_memory_win.cc(73)] ReadMemory at 0x1e2bacc42a0 of 512 bytes failed: Only part of a ReadProcessMemory or WriteProcessMemory request was completed. (0x12B)
[0311/110657.694:ERROR:process_memory_win.cc(73)] ReadMemory at 0x1e2c069f220 of 512 bytes failed: Only part of a ReadProcessMemory or WriteProcessMemory request was completed. (0x12B)
[0311/110657.694:ERROR:process_memory_win.cc(73)] ReadMemory at 0x13b1d0738b98 of 512 bytes failed: Only part of a ReadProcessMemory or WriteProcessMemory request was completed. (0x12B)
[0311/110657.694:ERROR:process_memory_win.cc(73)] ReadMemory at 0x39f5da2a17c0 of 512 bytes failed: Only part of a ReadProcessMemory or WriteProcessMemory request was completed. (0x12B)
[0311/110657.694:ERROR:process_memory_win.cc(73)] ReadMemory at 0x6f5d00000000 of 384 bytes failed: Only part of a ReadProcessMemory or WriteProcessMemory request was completed. (0x12B)
[0311/110657.694:ERROR:process_memory_win.cc(73)] ReadMemory at 0x7ff8e2d30000 of 384 bytes failed: Only part of a ReadProcessMemory or WriteProcessMemory request was completed. (0x12B)
[0311/110657.694:ERROR:process_memory_win.cc(73)] ReadMemory at 0x7ff8e49a6883 of 512 bytes failed: Only part of a ReadProcessMemory or WriteProcessMemory request was completed. (0x12B)
[0311/110657.694:ERROR:process_memory_win.cc(73)] ReadMemory at 0x7ff8e4a51510 of 512 bytes failed: Only part of a ReadProcessMemory or WriteProcessMemory request was completed. (0x12B)
[0311/110657.772:ERROR:process_memory_win.cc(73)] ReadMemory at 0x7ff8e52e026c of 512 bytes failed: Only part of a ReadProcessMemory or WriteProcessMemory request was completed. (0x12B)
[0311/110657.772:ERROR:process_memory_win.cc(73)] ReadMemory at 0x7ff8e8f53e38 of 512 bytes failed: Only part of a ReadProcessMemory or WriteProcessMemory request was completed. (0x12B)
[0311/110657.772:ERROR:process_memory_win.cc(73)] ReadMemory at 0x7ff8e9302bec of 512 bytes failed: Only part of a ReadProcessMemory or WriteProcessMemory request was completed. (0x12B)
[0311/110657.772:ERROR:process_memory_win.cc(73)] ReadMemory at 0x7ff9304da7b9 of 512 bytes failed: Only part of a ReadProcessMemory or WriteProcessMemory request was completed. (0x12B)
[0311/110657.772:ERROR:process_memory_win.cc(73)] ReadMemory at 0x7ff932a3c0c4 of 672 bytes failed: Only part of a ReadProcessMemory or WriteProcessMemory request was completed. (0x12B)
[0311/110657.772:ERROR:process_memory_win.cc(73)] ReadMemory at 0x7ff932a3c6c4 of 512 bytes failed: Only part of a ReadProcessMemory or WriteProcessMemory request was completed. (0x12B)
[0311/110657.787:ERROR:process_memory_win.cc(73)] ReadMemory at 0x7ff932a3f974 of 608 bytes failed: Only part of a ReadProcessMemory or WriteProcessMemory request was completed. (0x12B)
[0311/110657.789:ERROR:process_memory_win.cc(73)] ReadMemory at 0x7ff932acc428 of 18 bytes failed: Only part of a ReadProcessMemory or WriteProcessMemory request was completed. (0x12B)
[0311/110657.789:ERROR:process_memory_win.cc(73)] ReadMemory at 0x7ff932aff4f8 of 40 bytes failed: Only part of a ReadProcessMemory or WriteProcessMemory request was completed. (0x12B)
[0311/110657.789:ERROR:process_memory_win.cc(73)] ReadMemory at 0x7ff932aff978 of 48 bytes failed: Only part of a ReadProcessMemory or WriteProcessMemory request was completed. (0x12B)
[0311/110657.789:ERROR:process_memory_win.cc(73)] ReadMemory at 0x7ff932b053c0 of 64 bytes failed: Only part of a ReadProcessMemory or WriteProcessMemory request was completed. (0x12B)
[0311/110658.355:ERROR:scoped_process_suspend.cc(40)] NtResumeProcess: An attempt was made to access an exiting process. (0xc000010a)
[0311/110659.309:ERROR:scoped_process_suspend.cc(31)] NtSuspendProcess: An attempt was made to access an exiting process. (0xc000010a)
[0311/110659.734:ERROR:process_info.cc(118)] ReadProcessMemory bool __cdecl crashpad::(anonymous namespace)::ReadStruct(HANDLE, crashpad::WinVMAddress, T *) [T = crashpad::process_types::PEB<crashpad::process_types::internal::Traits64>]: Only part of a ReadProcessMemory or WriteProcessMemory request was completed. (0x12B)
[0311/110659.735:ERROR:process_info.cc(551)] ReadProcessData failed
[0311/161234.151:ERROR:http_transport_win.cc(276)] WinHttpSendRequest: The operation completed successfully. (0x0)
